<?xml version="1.0" encoding="UTF-8" ?>
<testsuite tests="9" failures="0" name="linkedList.StudentDoubleLinkedListTest" time="0" errors="0" skipped="0">
  <properties>
[...]
</properties>
  <testcase classname="linkedList.StudentDoubleLinkedListTest" name="testRemoveFirst" time="0"/>
  <testcase classname="linkedList.StudentDoubleLinkedListTest" name="testInsertFirst" time="0"/>
  <testcase classname="linkedList.StudentDoubleLinkedListTest" name="testRemoveLast" time="0"/>
  <testcase classname="linkedList.StudentDoubleLinkedListTest" name="testToArray" time="0"/>
  <testcase classname="linkedList.StudentDoubleLinkedListTest" name="testSize" time="0"/>
  <testcase classname="linkedList.StudentDoubleLinkedListTest" name="testInsert" time="0"/>
  <testcase classname="linkedList.StudentDoubleLinkedListTest" name="testIsEmpty" time="0"/>
  <testcase classname="linkedList.StudentDoubleLinkedListTest" name="testRemove" time="0"/>
  <testcase classname="linkedList.StudentDoubleLinkedListTest" name="testSearch" time="0"/>
</testsuite>